Compiling the C compiler identification source file "CMakeCCompilerId.c" failed.
Compiler:  
Build flags: 
Id flags: 

The output was:
1
Microsoft (R) Build Engine version 14.0.23107.0
Copyright (C) Microsoft Corporation. All rights reserved.

Build started 06/10/2015 11:28:07.
Project "C:\Users\reola\Documents\GitHub\Computer-Vision\Lab 1\src\CMakeFiles\3.3.2\CompilerIdC\CompilerIdC.vcxproj" on node 1 (default targets).
PrepareForBuild:
  Creating directory "Debug\".
C:\Program Files (x86)\MSBuild\Microsoft.Cpp\v4.0\V140\Microsoft.CppBuild.targets(366,5): warning MSB8003: Could not find WindowsSDKDir variable from the registry.  TargetFrameworkVersion or PlatformToolset may be set to an invalid version number. [C:\Users\reola\Documents\GitHub\Computer-Vision\Lab 1\src\CMakeFiles\3.3.2\CompilerIdC\CompilerIdC.vcxproj]
  Creating directory "Debug\CompilerIdC.tlog\".
InitializeBuildStatus:
  Creating "Debug\CompilerIdC.tlog\unsuccessfulbuild" because "AlwaysCreate" was specified.
ClCompile:
  CL.exe /c /nologo /W0 /WX- /Od /D _MBCS /Gm- /EHsc /RTC1 /MDd /GS /fp:precise /Zc:wchar_t /Zc:forScope /Zc:inline /Fo"Debug\\" /Fd"Debug\vc140.pdb" /Gd /TC /errorReport:queue CMakeCCompilerId.c
TRACKER : error TRK0005: Failed to locate: "CL.exe". The system cannot find the file specified. [C:\Users\reola\Documents\GitHub\Computer-Vision\Lab 1\src\CMakeFiles\3.3.2\CompilerIdC\CompilerIdC.vcxproj]
  
  
Done Building Project "C:\Users\reola\Documents\GitHub\Computer-Vision\Lab 1\src\CMakeFiles\3.3.2\CompilerIdC\CompilerIdC.vcxproj" (default targets) -- FAILED.

Build FAILED.

"C:\Users\reola\Documents\GitHub\Computer-Vision\Lab 1\src\CMakeFiles\3.3.2\CompilerIdC\CompilerIdC.vcxproj" (default target) (1) ->
(PrepareForBuild target) -> 
  C:\Program Files (x86)\MSBuild\Microsoft.Cpp\v4.0\V140\Microsoft.CppBuild.targets(366,5): warning MSB8003: Could not find WindowsSDKDir variable from the registry.  TargetFrameworkVersion or PlatformToolset may be set to an invalid version number. [C:\Users\reola\Documents\GitHub\Computer-Vision\Lab 1\src\CMakeFiles\3.3.2\CompilerIdC\CompilerIdC.vcxproj]


"C:\Users\reola\Documents\GitHub\Computer-Vision\Lab 1\src\CMakeFiles\3.3.2\CompilerIdC\CompilerIdC.vcxproj" (default target) (1) ->
(ClCompile target) -> 
  TRACKER : error TRK0005: Failed to locate: "CL.exe". The system cannot find the file specified. [C:\Users\reola\Documents\GitHub\Computer-Vision\Lab 1\src\CMakeFiles\3.3.2\CompilerIdC\CompilerIdC.vcxproj]

    1 Warning(s)
    1 Error(s)

Time Elapsed 00:00:01.06


Compiling the CXX compiler identification source file "CMakeCXXCompilerId.cpp" failed.
Compiler:  
Build flags: 
Id flags: 

The output was:
1
Microsoft (R) Build Engine version 14.0.23107.0
Copyright (C) Microsoft Corporation. All rights reserved.

Build started 06/10/2015 11:28:09.
Project "C:\Users\reola\Documents\GitHub\Computer-Vision\Lab 1\src\CMakeFiles\3.3.2\CompilerIdCXX\CompilerIdCXX.vcxproj" on node 1 (default targets).
PrepareForBuild:
  Creating directory "Debug\".
C:\Program Files (x86)\MSBuild\Microsoft.Cpp\v4.0\V140\Microsoft.CppBuild.targets(366,5): warning MSB8003: Could not find WindowsSDKDir variable from the registry.  TargetFrameworkVersion or PlatformToolset may be set to an invalid version number. [C:\Users\reola\Documents\GitHub\Computer-Vision\Lab 1\src\CMakeFiles\3.3.2\CompilerIdCXX\CompilerIdCXX.vcxproj]
  Creating directory "Debug\CompilerIdCXX.tlog\".
InitializeBuildStatus:
  Creating "Debug\CompilerIdCXX.tlog\unsuccessfulbuild" because "AlwaysCreate" was specified.
ClCompile:
  CL.exe /c /nologo /W0 /WX- /Od /D _MBCS /Gm- /EHsc /RTC1 /MDd /GS /fp:precise /Zc:wchar_t /Zc:forScope /Zc:inline /Fo"Debug\\" /Fd"Debug\vc140.pdb" /Gd /TP /errorReport:queue CMakeCXXCompilerId.cpp
TRACKER : error TRK0005: Failed to locate: "CL.exe". The system cannot find the file specified. [C:\Users\reola\Documents\GitHub\Computer-Vision\Lab 1\src\CMakeFiles\3.3.2\CompilerIdCXX\CompilerIdCXX.vcxproj]
  
  
Done Building Project "C:\Users\reola\Documents\GitHub\Computer-Vision\Lab 1\src\CMakeFiles\3.3.2\CompilerIdCXX\CompilerIdCXX.vcxproj" (default targets) -- FAILED.

Build FAILED.

"C:\Users\reola\Documents\GitHub\Computer-Vision\Lab 1\src\CMakeFiles\3.3.2\CompilerIdCXX\CompilerIdCXX.vcxproj" (default target) (1) ->
(PrepareForBuild target) -> 
  C:\Program Files (x86)\MSBuild\Microsoft.Cpp\v4.0\V140\Microsoft.CppBuild.targets(366,5): warning MSB8003: Could not find WindowsSDKDir variable from the registry.  TargetFrameworkVersion or PlatformToolset may be set to an invalid version number. [C:\Users\reola\Documents\GitHub\Computer-Vision\Lab 1\src\CMakeFiles\3.3.2\CompilerIdCXX\CompilerIdCXX.vcxproj]


"C:\Users\reola\Documents\GitHub\Computer-Vision\Lab 1\src\CMakeFiles\3.3.2\CompilerIdCXX\CompilerIdCXX.vcxproj" (default target) (1) ->
(ClCompile target) -> 
  TRACKER : error TRK0005: Failed to locate: "CL.exe". The system cannot find the file specified. [C:\Users\reola\Documents\GitHub\Computer-Vision\Lab 1\src\CMakeFiles\3.3.2\CompilerIdCXX\CompilerIdCXX.vcxproj]

    1 Warning(s)
    1 Error(s)

Time Elapsed 00:00:01.06


