Build started 03/11/2015 12:44:32.
     1>Project "C:\Users\reola\Documents\GitHub\Computer-Vision\Assignment 1\assignment1.vcxproj" on node 2 (Build target(s)).
     1>ClCompile:
         C:\Program Files (x86)\Microsoft Visual Studio 14.0\VC\bin\x86_amd64\CL.exe /c /I"C:\Users\reola\Downloads\ICP3038-Assignment1\ICP3038-Assignment1\cmake\..\include" /Zi /nologo /W3 /WX- /Od /Ob0 /D WIN32 /D _WINDOWS /D _DEBUG /D "CMAKE_INTDIR=\"Debug\"" /D _MBCS /Gm- /EHsc /RTC1 /MDd /GS /fp:precise /Zc:wchar_t /Zc:forScope /Zc:inline /GR /Fo"assignment1.dir\Debug\\" /Fd"assignment1.dir\Debug\vc140.pdb" /Gd /TP /errorReport:prompt "C:\Users\reola\Downloads\ICP3038-Assignment1\ICP3038-Assignment1\src\Image.cpp"
         Image.cpp
     1>C:\Users\reola\Downloads\ICP3038-Assignment1\ICP3038-Assignment1\src\Image.cpp(122): warning C4244: 'initializing': conversion from 'const unsigned int' to 'float', possible loss of data
     1>C:\Users\reola\Downloads\ICP3038-Assignment1\ICP3038-Assignment1\src\Image.cpp(123): warning C4244: 'initializing': conversion from 'const unsigned int' to 'float', possible loss of data
     1>C:\Users\reola\Downloads\ICP3038-Assignment1\ICP3038-Assignment1\src\Image.cpp(126): warning C4244: 'initializing': conversion from 'const unsigned int' to 'float', possible loss of data
     1>C:\Users\reola\Downloads\ICP3038-Assignment1\ICP3038-Assignment1\src\Image.cpp(127): warning C4244: 'initializing': conversion from 'const unsigned int' to 'float', possible loss of data
     1>C:\Users\reola\Downloads\ICP3038-Assignment1\ICP3038-Assignment1\src\Image.cpp(153): warning C4244: 'initializing': conversion from 'const unsigned int' to 'float', possible loss of data
     1>C:\Users\reola\Downloads\ICP3038-Assignment1\ICP3038-Assignment1\src\Image.cpp(154): warning C4244: 'initializing': conversion from 'const unsigned int' to 'float', possible loss of data
     1>C:\Users\reola\Downloads\ICP3038-Assignment1\ICP3038-Assignment1\src\Image.cpp(157): warning C4244: 'initializing': conversion from 'const unsigned int' to 'float', possible loss of data
     1>C:\Users\reola\Downloads\ICP3038-Assignment1\ICP3038-Assignment1\src\Image.cpp(158): warning C4244: 'initializing': conversion from 'const unsigned int' to 'float', possible loss of data
     1>C:\Users\reola\Downloads\ICP3038-Assignment1\ICP3038-Assignment1\src\Image.cpp(395): warning C4244: '=': conversion from 'int' to 'float', possible loss of data
     1>C:\Users\reola\Downloads\ICP3038-Assignment1\ICP3038-Assignment1\src\Image.cpp(453): warning C4244: 'initializing': conversion from 'float' to 'int', possible loss of data
     1>c:\users\reola\downloads\icp3038-assignment1\icp3038-assignment1\src\image.cpp(181): error C4716: 'Image::operator+=': must return a value
     1>c:\users\reola\downloads\icp3038-assignment1\icp3038-assignment1\src\image.cpp(191): error C4716: 'Image::operator-=': must return a value
     1>c:\users\reola\downloads\icp3038-assignment1\icp3038-assignment1\src\image.cpp(218): error C4716: 'Image::operator*': must return a value
     1>c:\users\reola\downloads\icp3038-assignment1\icp3038-assignment1\src\image.cpp(200): error C4716: 'Image::operator+': must return a value
     1>c:\users\reola\downloads\icp3038-assignment1\icp3038-assignment1\src\image.cpp(227): error C4716: 'Image::operator/': must return a value
     1>c:\users\reola\downloads\icp3038-assignment1\icp3038-assignment1\src\image.cpp(209): error C4716: 'Image::operator-': must return a value
     1>c:\users\reola\downloads\icp3038-assignment1\icp3038-assignment1\src\image.cpp(237): error C4716: 'Image::operator+=': must return a value
     1>c:\users\reola\downloads\icp3038-assignment1\icp3038-assignment1\src\image.cpp(247): error C4716: 'Image::operator-=': must return a value
     1>c:\users\reola\downloads\icp3038-assignment1\icp3038-assignment1\src\image.cpp(257): error C4716: 'Image::operator*=': must return a value
     1>c:\users\reola\downloads\icp3038-assignment1\icp3038-assignment1\src\image.cpp(267): error C4716: 'Image::operator/=': must return a value
     1>c:\users\reola\downloads\icp3038-assignment1\icp3038-assignment1\src\image.cpp(276): error C4716: 'Image::operator!': must return a value
     1>Done Building Project "C:\Users\reola\Documents\GitHub\Computer-Vision\Assignment 1\assignment1.vcxproj" (Build target(s)) -- FAILED.

Build FAILED.

Time Elapsed 00:00:00.81
