Build started 26/10/2015 19:15:51.
     1>Project "C:\Users\reola\Documents\GitHub\Computer-Vision\Lab1A\Task4.vcxproj" on node 7 (Build target(s)).
     1>CustomBuild:
         Building Custom Rule C:/Users/reola/Downloads/Lab1-Answers (1)/cmake/CMakeLists.txt
         CMake does not need to re-run because C:\Users\reola\Documents\GitHub\Computer-Vision\Lab1A\CMakeFiles\generate.stamp is up-to-date.
       ClCompile:
         C:\Program Files (x86)\Microsoft Visual Studio 14.0\VC\bin\CL.exe /c /Zi /nologo /W3 /WX- /Od /Ob0 /Oy- /D WIN32 /D _WINDOWS /D _DEBUG /D "CMAKE_INTDIR=\"Debug\"" /D _MBCS /Gm- /EHsc /RTC1 /MDd /GS /fp:precise /Zc:wchar_t /Zc:forScope /Zc:inline /GR /Fo"Task4.dir\Debug\\" /Fd"Task4.dir\Debug\vc140.pdb" /Gd /TP /analyze- /errorReport:prompt "C:\Users\reola\Downloads\Lab1-Answers (1)\src\task4.cpp"
         task4.cpp
     1>C:\Users\reola\Downloads\Lab1-Answers (1)\src\task4.cpp(72): error C2679: binary '<<': no operator found which takes a right-hand operand of type 'std::string' (or there is no acceptable conversion)
         C:\Program Files (x86)\Microsoft Visual Studio 14.0\VC\include\ostream(497): note: could be 'std::basic_ostream<char,std::char_traits<char>> &std::basic_ostream<char,std::char_traits<char>>::operator <<(std::basic_streambuf<char,std::char_traits<char>> *)'
         C:\Program Files (x86)\Microsoft Visual Studio 14.0\VC\include\ostream(477): note: or       'std::basic_ostream<char,std::char_traits<char>> &std::basic_ostream<char,std::char_traits<char>>::operator <<(const void *)'
         C:\Program Files (x86)\Microsoft Visual Studio 14.0\VC\include\ostream(457): note: or       'std::basic_ostream<char,std::char_traits<char>> &std::basic_ostream<char,std::char_traits<char>>::operator <<(long double)'
         C:\Program Files (x86)\Microsoft Visual Studio 14.0\VC\include\ostream(437): note: or       'std::basic_ostream<char,std::char_traits<char>> &std::basic_ostream<char,std::char_traits<char>>::operator <<(double)'
         C:\Program Files (x86)\Microsoft Visual Studio 14.0\VC\include\ostream(417): note: or       'std::basic_ostream<char,std::char_traits<char>> &std::basic_ostream<char,std::char_traits<char>>::operator <<(float)'
         C:\Program Files (x86)\Microsoft Visual Studio 14.0\VC\include\ostream(396): note: or       'std::basic_ostream<char,std::char_traits<char>> &std::basic_ostream<char,std::char_traits<char>>::operator <<(unsigned __int64)'
         C:\Program Files (x86)\Microsoft Visual Studio 14.0\VC\include\ostream(376): note: or       'std::basic_ostream<char,std::char_traits<char>> &std::basic_ostream<char,std::char_traits<char>>::operator <<(__int64)'
         C:\Program Files (x86)\Microsoft Visual Studio 14.0\VC\include\ostream(355): note: or       'std::basic_ostream<char,std::char_traits<char>> &std::basic_ostream<char,std::char_traits<char>>::operator <<(unsigned long)'
         C:\Program Files (x86)\Microsoft Visual Studio 14.0\VC\include\ostream(335): note: or       'std::basic_ostream<char,std::char_traits<char>> &std::basic_ostream<char,std::char_traits<char>>::operator <<(long)'
         C:\Program Files (x86)\Microsoft Visual Studio 14.0\VC\include\ostream(315): note: or       'std::basic_ostream<char,std::char_traits<char>> &std::basic_ostream<char,std::char_traits<char>>::operator <<(unsigned int)'
         C:\Program Files (x86)\Microsoft Visual Studio 14.0\VC\include\ostream(290): note: or       'std::basic_ostream<char,std::char_traits<char>> &std::basic_ostream<char,std::char_traits<char>>::operator <<(int)'
         C:\Program Files (x86)\Microsoft Visual Studio 14.0\VC\include\ostream(270): note: or       'std::basic_ostream<char,std::char_traits<char>> &std::basic_ostream<char,std::char_traits<char>>::operator <<(unsigned short)'
         C:\Program Files (x86)\Microsoft Visual Studio 14.0\VC\include\ostream(236): note: or       'std::basic_ostream<char,std::char_traits<char>> &std::basic_ostream<char,std::char_traits<char>>::operator <<(short)'
         C:\Program Files (x86)\Microsoft Visual Studio 14.0\VC\include\ostream(216): note: or       'std::basic_ostream<char,std::char_traits<char>> &std::basic_ostream<char,std::char_traits<char>>::operator <<(bool)'
         C:\Program Files (x86)\Microsoft Visual Studio 14.0\VC\include\ostream(209): note: or       'std::basic_ostream<char,std::char_traits<char>> &std::basic_ostream<char,std::char_traits<char>>::operator <<(std::ios_base &(__cdecl *)(std::ios_base &))'
         C:\Program Files (x86)\Microsoft Visual Studio 14.0\VC\include\ostream(202): note: or       'std::basic_ostream<char,std::char_traits<char>> &std::basic_ostream<char,std::char_traits<char>>::operator <<(std::basic_ios<char,std::char_traits<char>> &(__cdecl *)(std::basic_ios<char,std::char_traits<char>> &))'
         C:\Program Files (x86)\Microsoft Visual Studio 14.0\VC\include\ostream(196): note: or       'std::basic_ostream<char,std::char_traits<char>> &std::basic_ostream<char,std::char_traits<char>>::operator <<(std::basic_ostream<char,std::char_traits<char>> &(__cdecl *)(std::basic_ostream<char,std::char_traits<char>> &))'
         C:\Program Files (x86)\Microsoft Visual Studio 14.0\VC\include\ostream(1021): note: or       'std::basic_ostream<char,std::char_traits<char>> &std::operator <<<char,std::char_traits<char>>(std::basic_ostream<char,std::char_traits<char>> &,const std::error_code &)'
         C:\Program Files (x86)\Microsoft Visual Studio 14.0\VC\include\ostream(983): note: or       'std::basic_ostream<char,std::char_traits<char>> &std::operator <<<char,std::char_traits<char>,std::string>(std::basic_ostream<char,std::char_traits<char>> &&,const _Ty &)'
                 with
                 [
                     _Ty=std::string
                 ]
         C:\Program Files (x86)\Microsoft Visual Studio 14.0\VC\include\ostream(973): note: or       'std::basic_ostream<char,std::char_traits<char>> &std::operator <<<std::char_traits<char>>(std::basic_ostream<char,std::char_traits<char>> &,unsigned char)'
         C:\Program Files (x86)\Microsoft Visual Studio 14.0\VC\include\ostream(966): note: or       'std::basic_ostream<char,std::char_traits<char>> &std::operator <<<std::char_traits<char>>(std::basic_ostream<char,std::char_traits<char>> &,const unsigned char *)'
         C:\Program Files (x86)\Microsoft Visual Studio 14.0\VC\include\ostream(959): note: or       'std::basic_ostream<char,std::char_traits<char>> &std::operator <<<std::char_traits<char>>(std::basic_ostream<char,std::char_traits<char>> &,signed char)'
         C:\Program Files (x86)\Microsoft Visual Studio 14.0\VC\include\ostream(952): note: or       'std::basic_ostream<char,std::char_traits<char>> &std::operator <<<std::char_traits<char>>(std::basic_ostream<char,std::char_traits<char>> &,const signed char *)'
         C:\Program Files (x86)\Microsoft Visual Studio 14.0\VC\include\ostream(826): note: or       'std::basic_ostream<char,std::char_traits<char>> &std::operator <<<std::char_traits<char>>(std::basic_ostream<char,std::char_traits<char>> &,char)'
         C:\Program Files (x86)\Microsoft Visual Studio 14.0\VC\include\ostream(779): note: or       'std::basic_ostream<char,std::char_traits<char>> &std::operator <<<std::char_traits<char>>(std::basic_ostream<char,std::char_traits<char>> &,const char *)'
         C:\Program Files (x86)\Microsoft Visual Studio 14.0\VC\include\ostream(741): note: or       'std::basic_ostream<char,std::char_traits<char>> &std::operator <<<char,std::char_traits<char>>(std::basic_ostream<char,std::char_traits<char>> &,char)'
         C:\Program Files (x86)\Microsoft Visual Studio 14.0\VC\include\ostream(694): note: or       'std::basic_ostream<char,std::char_traits<char>> &std::operator <<<char,std::char_traits<char>>(std::basic_ostream<char,std::char_traits<char>> &,const char *)'
         C:\Users\reola\Downloads\Lab1-Answers (1)\src\task4.cpp(72): note: while trying to match the argument list '(std::basic_ostream<char,std::char_traits<char>>, std::string)'
     1>Done Building Project "C:\Users\reola\Documents\GitHub\Computer-Vision\Lab1A\Task4.vcxproj" (Build target(s)) -- FAILED.

Build FAILED.

Time Elapsed 00:00:00.62
